<?xml version="1.0" encoding="UTF-8"?>
<testsuite name="비밀번호" tests="2" skipped="0" failures="0" errors="0" timestamp="2022-06-01T07:40:39" hostname="DESKTOP-BL5AC5E" time="0.002">
  <properties/>
  <testcase name="1자 이상 4자 미만" classname="com.spring.myblog.domain.UserTest$CreateUser$FailCase$password" time="0.001"/>
  <testcase name="null" classname="com.spring.myblog.domain.UserTest$CreateUser$FailCase$password" time="0.0"/>
  <system-out><![CDATA[p1
user

user
]]></system-out>
  <system-err><![CDATA[]]></system-err>
</testsuite>
