<?xml version="1.0" encoding="UTF-8"?>
<testsuite name="com.spring.myblog.HanghaeBlogApplicationTests" tests="1" skipped="0" failures="0" errors="0" timestamp="2022-06-01T07:40:43" hostname="DESKTOP-BL5AC5E" time="0.044">
  <properties/>
  <testcase name="contextLoads()" classname="com.spring.myblog.HanghaeBlogApplicationTests" time="0.044"/>
  <system-out><![CDATA[16:40:40.039 [Test worker] DEBUG org.springframework.test.context.BootstrapUtils - Instantiating CacheAwareContextLoaderDelegate from class [org.springframework.test.context.cache.DefaultCacheAwareContextLoaderDelegate]
16:40:40.046 [Test worker] DEBUG org.springframework.test.context.BootstrapUtils - Instantiating BootstrapContext using constructor [public org.springframework.test.context.support.DefaultBootstrapContext(java.lang.Class,org.springframework.test.context.CacheAwareContextLoaderDelegate)]
16:40:40.071 [Test worker] DEBUG org.springframework.test.context.BootstrapUtils - Instantiating TestContextBootstrapper for test class [com.spring.myblog.HanghaeBlogApplicationTests] from class [org.springframework.boot.test.context.SpringBootTestContextBootstrapper]
16:40:40.079 [Test worker] INFO org.springframework.boot.test.context.SpringBootTestContextBootstrapper - Neither @ContextConfiguration nor @ContextHierarchy found for test class [com.spring.myblog.HanghaeBlogApplicationTests], using SpringBootContextLoader
16:40:40.082 [Test worker] DEBUG org.springframework.test.context.support.AbstractContextLoader - Did not detect default resource location for test class [com.spring.myblog.HanghaeBlogApplicationTests]: class path resource [com/spring/myblog/HanghaeBlogApplicationTests-context.xml] does not exist
16:40:40.083 [Test worker] DEBUG org.springframework.test.context.support.AbstractContextLoader - Did not detect default resource location for test class [com.spring.myblog.HanghaeBlogApplicationTests]: class path resource [com/spring/myblog/HanghaeBlogApplicationTestsContext.groovy] does not exist
16:40:40.083 [Test worker] INFO org.springframework.test.context.support.AbstractContextLoader - Could not detect default resource locations for test class [com.spring.myblog.HanghaeBlogApplicationTests]: no resource found for suffixes {-context.xml, Context.groovy}.
16:40:40.083 [Test worker] INFO org.springframework.test.context.support.AnnotationConfigContextLoaderUtils - Could not detect default configuration classes for test class [com.spring.myblog.HanghaeBlogApplicationTests]: HanghaeBlogApplicationTests does not declare any static, non-private, non-final, nested classes annotated with @Configuration.
16:40:40.113 [Test worker] DEBUG org.springframework.test.context.support.ActiveProfilesUtils - Could not find an 'annotation declaring class' for annotation type [org.springframework.test.context.ActiveProfiles] and class [com.spring.myblog.HanghaeBlogApplicationTests]
16:40:40.156 [Test worker] DEBUG org.springframework.context.annotation.ClassPathScanningCandidateComponentProvider - Identified candidate component class: file [C:\Users\user\Documents\GitHub\hanghaeBlog\build\classes\java\main\com\spring\myblog\HanghaeBlogApplication.class]
16:40:40.156 [Test worker] INFO org.springframework.boot.test.context.SpringBootTestContextBootstrapper - Found @SpringBootConfiguration com.spring.myblog.HanghaeBlogApplication for test class com.spring.myblog.HanghaeBlogApplicationTests
16:40:40.229 [Test worker] DEBUG org.springframework.boot.test.context.SpringBootTestContextBootstrapper - @TestExecutionListeners is not present for class [com.spring.myblog.HanghaeBlogApplicationTests]: using defaults.
16:40:40.229 [Test worker] INFO org.springframework.boot.test.context.SpringBootTestContextBootstrapper - Loaded default TestExecutionListener class names from location [META-INF/spring.factories]: [org.springframework.boot.test.autoconfigure.restdocs.RestDocsTestExecutionListener, org.springframework.boot.test.autoconfigure.web.client.MockRestServiceServerResetTestExecutionListener, org.springframework.boot.test.autoconfigure.web.servlet.MockMvcPrintOnlyOnFailureTestExecutionListener, org.springframework.boot.test.autoconfigure.web.servlet.WebDriverTestExecutionListener, org.springframework.boot.test.autoconfigure.webservices.client.MockWebServiceServerTestExecutionListener, org.springframework.boot.test.mock.mockito.MockitoTestExecutionListener, org.springframework.boot.test.mock.mockito.ResetMocksTestExecutionListener, org.springframework.test.context.web.ServletTestExecutionListener, org.springframework.test.context.support.DirtiesContextBeforeModesTestExecutionListener, org.springframework.test.context.event.ApplicationEventsTestExecutionListener, org.springframework.test.context.support.DependencyInjectionTestExecutionListener, org.springframework.test.context.support.DirtiesContextTestExecutionListener, org.springframework.test.context.transaction.TransactionalTestExecutionListener, org.springframework.test.context.jdbc.SqlScriptsTestExecutionListener, org.springframework.test.context.event.EventPublishingTestExecutionListener]
16:40:40.243 [Test worker] INFO org.springframework.boot.test.context.SpringBootTestContextBootstrapper - Using TestExecutionListeners: [org.springframework.test.context.web.ServletTestExecutionListener@388526fb, org.springframework.test.context.support.DirtiesContextBeforeModesTestExecutionListener@21a21c64, org.springframework.test.context.event.ApplicationEventsTestExecutionListener@7803bfd, org.springframework.boot.test.mock.mockito.MockitoTestExecutionListener@42bc14c1, org.springframework.boot.test.autoconfigure.SpringBootDependencyInjectionTestExecutionListener@531f4093, org.springframework.test.context.support.DirtiesContextTestExecutionListener@62ef27a8, org.springframework.test.context.transaction.TransactionalTestExecutionListener@6436a7db, org.springframework.test.context.jdbc.SqlScriptsTestExecutionListener@460ebd80, org.springframework.test.context.event.EventPublishingTestExecutionListener@6f3c660a, org.springframework.boot.test.autoconfigure.restdocs.RestDocsTestExecutionListener@74f5ce22, org.springframework.boot.test.autoconfigure.web.client.MockRestServiceServerResetTestExecutionListener@25aca718, org.springframework.boot.test.autoconfigure.web.servlet.MockMvcPrintOnlyOnFailureTestExecutionListener@16fdec90, org.springframework.boot.test.autoconfigure.web.servlet.WebDriverTestExecutionListener@1afdd473, org.springframework.boot.test.autoconfigure.webservices.client.MockWebServiceServerTestExecutionListener@40238dd0, org.springframework.boot.test.mock.mockito.ResetMocksTestExecutionListener@7776ab]
16:40:40.245 [Test worker] DEBUG org.springframework.test.context.support.AbstractDirtiesContextTestExecutionListener - Before test class: context [DefaultTestContext@5143c662 testClass = HanghaeBlogApplicationTests, testInstance = [null], testMethod = [null], testException = [null], mergedContextConfiguration = [WebMergedContextConfiguration@77825085 testClass = HanghaeBlogApplicationTests, locations = '{}', classes = '{class com.spring.myblog.HanghaeBlogApplication}', contextInitializerClasses = '[]', activeProfiles = '{}', propertySourceLocations = '{}', propertySourceProperties = '{org.springframework.boot.test.context.SpringBootTestContextBootstrapper=true}', contextCustomizers = set[org.springframework.boot.test.autoconfigure.actuate.metrics.MetricsExportContextCustomizerFactory$DisableMetricExportContextCustomizer@57bc27f5, org.springframework.boot.test.autoconfigure.properties.PropertyMappingContextCustomizer@0, org.springframework.boot.test.autoconfigure.web.servlet.WebDriverContextCustomizerFactory$Customizer@7a6d7e92, org.springframework.boot.test.context.filter.ExcludeFilterContextCustomizer@16150369, org.springframework.boot.test.json.DuplicateJsonObjectContextCustomizerFactory$DuplicateJsonObjectContextCustomizer@3932c79a, org.springframework.boot.test.mock.mockito.MockitoContextCustomizer@0, org.springframework.boot.test.web.client.TestRestTemplateContextCustomizer@71687585, org.springframework.boot.test.context.SpringBootTestArgs@1, org.springframework.boot.test.context.SpringBootTestWebEnvironment@bef2d72], resourceBasePath = 'src/main/webapp', contextLoader = 'org.springframework.boot.test.context.SpringBootContextLoader', parent = [null]], attributes = map['org.springframework.test.context.web.ServletTestExecutionListener.activateListener' -> true]], class annotated with @DirtiesContext [false] with mode [null].
16:40:40.271 [Test worker] DEBUG org.springframework.boot.ApplicationServletEnvironment - Activating profiles []
16:40:40.273 [Test worker] DEBUG org.springframework.test.context.support.TestPropertySourceUtils - Adding inlined properties to environment: {spring.jmx.enabled=false, org.springframework.boot.test.context.SpringBootTestContextBootstrapper=true}

  .   ____          _            __ _ _
 /\\ / ___'_ __ _ _(_)_ __  __ _ \ \ \ \
( ( )\___ | '_ | '_| | '_ \/ _` | \ \ \ \
 \\/  ___)| |_)| | | | | || (_| |  ) ) ) )
  '  |____| .__|_| |_|_| |_\__, | / / / /
 =========|_|==============|___/=/_/_/_/
 :: Spring Boot ::                (v2.6.0)

2022-06-01 16:40:40.458  INFO 22304 --- [    Test worker] c.s.myblog.HanghaeBlogApplicationTests   : Starting HanghaeBlogApplicationTests using Java 1.8.0_332 on DESKTOP-BL5AC5E with PID 22304 (started by user in C:\Users\user\Documents\GitHub\hanghaeBlog)
2022-06-01 16:40:40.459  INFO 22304 --- [    Test worker] c.s.myblog.HanghaeBlogApplicationTests   : No active profile set, falling back to default profiles: default
2022-06-01 16:40:40.936  INFO 22304 --- [    Test worker] .s.d.r.c.RepositoryConfigurationDelegate : Bootstrapping Spring Data JPA repositories in DEFAULT mode.
2022-06-01 16:40:40.989  INFO 22304 --- [    Test worker] .s.d.r.c.RepositoryConfigurationDelegate : Finished Spring Data repository scanning in 40 ms. Found 3 JPA repository interfaces.
2022-06-01 16:40:41.480  INFO 22304 --- [    Test worker] o.hibernate.jpa.internal.util.LogHelper  : HHH000204: Processing PersistenceUnitInfo [name: default]
2022-06-01 16:40:41.517  INFO 22304 --- [    Test worker] org.hibernate.Version                    : HHH000412: Hibernate ORM core version 5.6.1.Final
2022-06-01 16:40:41.645  INFO 22304 --- [    Test worker] o.hibernate.annotations.common.Version   : HCANN000001: Hibernate Commons Annotations {5.1.2.Final}
2022-06-01 16:40:41.721  INFO 22304 --- [    Test worker] com.zaxxer.hikari.HikariDataSource       : HikariPool-1 - Starting...
2022-06-01 16:40:41.998  INFO 22304 --- [    Test worker] com.zaxxer.hikari.HikariDataSource       : HikariPool-1 - Start completed.
2022-06-01 16:40:42.023  INFO 22304 --- [    Test worker] org.hibernate.dialect.Dialect            : HHH000400: Using dialect: org.hibernate.dialect.MySQL8Dialect
2022-06-01 16:40:42.531  INFO 22304 --- [    Test worker] o.h.e.t.j.p.i.JtaPlatformInitiator       : HHH000490: Using JtaPlatform implementation: [org.hibernate.engine.transaction.jta.platform.internal.NoJtaPlatform]
2022-06-01 16:40:42.538  INFO 22304 --- [    Test worker] j.LocalContainerEntityManagerFactoryBean : Initialized JPA EntityManagerFactory for persistence unit 'default'
2022-06-01 16:40:42.987  WARN 22304 --- [    Test worker] JpaBaseConfiguration$JpaWebConfiguration : spring.jpa.open-in-view is enabled by default. Therefore, database queries may be performed during view rendering. Explicitly configure spring.jpa.open-in-view to disable this warning
2022-06-01 16:40:43.130  INFO 22304 --- [    Test worker] o.s.s.web.DefaultSecurityFilterChain     : Will secure Ant [pattern='/h2-console/**'] with []
2022-06-01 16:40:43.199  INFO 22304 --- [    Test worker] o.s.s.web.DefaultSecurityFilterChain     : Will secure any request with [org.springframework.security.web.context.request.async.WebAsyncManagerIntegrationFilter@79295932, org.springframework.security.web.context.SecurityContextPersistenceFilter@17053b5, org.springframework.security.web.header.HeaderWriterFilter@338a4c61, org.springframework.security.web.authentication.logout.LogoutFilter@8d810f2, org.springframework.security.web.authentication.UsernamePasswordAuthenticationFilter@55b62db8, org.springframework.security.web.savedrequest.RequestCacheAwareFilter@58021c3c, org.springframework.security.web.servletapi.SecurityContextHolderAwareRequestFilter@6d31f14, org.springframework.security.web.authentication.AnonymousAuthenticationFilter@2cadcff6, org.springframework.security.web.session.SessionManagementFilter@71d99732, org.springframework.security.web.access.ExceptionTranslationFilter@1e258d3b, org.springframework.security.web.access.intercept.FilterSecurityInterceptor@6d9428f3]
2022-06-01 16:40:43.566  INFO 22304 --- [    Test worker] o.s.b.a.w.s.WelcomePageHandlerMapping    : Adding welcome page template: index
2022-06-01 16:40:43.797  INFO 22304 --- [    Test worker] c.s.myblog.HanghaeBlogApplicationTests   : Started HanghaeBlogApplicationTests in 3.524 seconds (JVM running for 4.315)
]]></system-out>
  <system-err><![CDATA[]]></system-err>
</testsuite>
