<?xml version="1.0" encoding="UTF-8"?>
<testsuite name="닉네임" tests="2" skipped="0" failures="0" errors="0" timestamp="2022-06-01T07:40:39" hostname="DESKTOP-BL5AC5E" time="0.001">
  <properties/>
  <testcase name="3자 미만" classname="com.spring.myblog.domain.UserTest$CreateUser$FailCase$username" time="0.0"/>
  <testcase name="특수문자" classname="com.spring.myblog.domain.UserTest$CreateUser$FailCase$username" time="0.0"/>
  <system-out><![CDATA[]]></system-out>
  <system-err><![CDATA[]]></system-err>
</testsuite>
