<?xml version="1.0" encoding="UTF-8"?>
<testsuite name="닉네임 유효성 검사" tests="1" skipped="0" failures="0" errors="0" timestamp="2022-06-01T07:40:39" hostname="DESKTOP-BL5AC5E" time="0.015">
  <properties/>
  <testcase name="정상 케이스" classname="com.spring.myblog.domain.UserTest$CreateUser" time="0.015"/>
  <system-out><![CDATA[asdafo
user
]]></system-out>
  <system-err><![CDATA[]]></system-err>
</testsuite>
